\BOOKMARK [-1][-]{part.1}{I Introduction}{}% 1
\BOOKMARK [-1][-]{part.2}{II Stimulus}{}% 2
\BOOKMARK [0][-]{section.0.1}{Objectif}{part.2}% 3
\BOOKMARK [1][-]{section.0.2}{Utilisation}{section.0.1}% 4
\BOOKMARK [-1][-]{part.3}{III G\351n\351ration de donn\351es}{}% 5
\BOOKMARK [0][-]{section.0.3}{Introduction}{part.3}% 6
\BOOKMARK [1][-]{section.0.4}{Spikes re\347us jusqu'alors}{section.0.3}% 7
\BOOKMARK [-1][-]{part.4}{IV Additivit\351}{}% 8
\BOOKMARK [0][-]{section.0.5}{Th\351orie\( \340 finir\)}{part.4}% 9
\BOOKMARK [1][-]{section.0.6}{Utilisation du script}{section.0.5}% 10
\BOOKMARK [1][-]{section.0.7}{R\351sultats}{section.0.5}% 11
\BOOKMARK [-1][-]{part.5}{V Propagation des spikes}{}% 12
\BOOKMARK [0][-]{section.0.8}{Utilisation du script}{part.5}% 13
\BOOKMARK [1][-]{section.0.9}{R\351sultats}{section.0.8}% 14
\BOOKMARK [1][-]{section.0.10}{R\351flexions}{section.0.8}% 15
\BOOKMARK [-1][-]{part.6}{VI Probabilistic flooding et I/E}{}% 16
\BOOKMARK [0][-]{section.0.11}{Utilisation du script}{part.6}% 17
\BOOKMARK [1][-]{section.0.12}{R\351sultats}{section.0.11}% 18
\BOOKMARK [1][-]{section.0.13}{Application sur dnfsim}{section.0.11}% 19
\BOOKMARK [1][-]{section.0.14}{Variance pour \17320,40,60,80\175\137asend}{section.0.11}% 20
\BOOKMARK [2][-]{subsection.0.14.1}{Utilisation du script}{section.0.14}% 21
\BOOKMARK [2][-]{subsection.0.14.2}{R\351sultats}{section.0.14}% 22
\BOOKMARK [-1][-]{part.7}{VII Annexe}{}% 23
\BOOKMARK [-1][-]{part.8}{VIII TODO}{}% 24
